[    0.000000] Initializing cgroup subsys cpuset
[    0.000000] Initializing cgroup subsys cpu
[    0.000000] Initializing cgroup subsys cpuacct
[    0.000000] Linux version 4.4.0-98-generic (buildd@lcy01-03) (gcc version 5.4.0 20160609 (Ubuntu 5.4.0-6ubuntu1~16.04.4) ) #121-Ubuntu SMP Tue Oct 10 14:24:03 UTC 2017 (Ubuntu 4.4.0-98.121-generic 4.4.90)
[    0.000000] Command line: BOOT_IMAGE=/boot/vmlinuz-4.4.0-98-generic root=UUID=ee8827e1-8636-41fb-9829-982477f6eec9 ro console=tty1 console=ttyS0
[    0.000000] KERNEL supported cpus:
[    0.000000]   Intel GenuineIntel
[    0.000000]   AMD AuthenticAMD
[    0.000000]   Centaur CentaurHauls
[    0.000000] x86/fpu: xstate_offset[2]:  576, xstate_sizes[2]:  256
[    0.000000] x86/fpu: Supporting XSAVE feature 0x01: 'x87 floating point registers'
[    0.000000] x86/fpu: Supporting XSAVE feature 0x02: 'SSE registers'
[    0.000000] x86/fpu: Supporting XSAVE feature 0x04: 'AVX registers'
[    0.000000] x86/fpu: Enabled xstate features 0x7, context size is 832 bytes, using 'standard' format.
[    0.000000] x86/fpu: Using 'lazy' FPU context switches.
[    0.000000] e820: BIOS-provided physical RAM map:
[    0.000000] BIOS-e820: [mem 0x0000000000000000-0x000000000009fbff] usable
[    0.000000] BIOS-e820: [mem 0x000000000009fc00-0x000000000009ffff] reserved
[    0.000000] BIOS-e820: [mem 0x00000000000f0000-0x00000000000fffff] reserved
[    0.000000] BIOS-e820: [mem 0x0000000000100000-0x000000007ffeffff] usable
[    0.000000] BIOS-e820: [mem 0x000000007fff0000-0x000000007fffffff] ACPI data
[    0.000000] BIOS-e820: [mem 0x00000000fec00000-0x00000000fec00fff] reserved
[    0.000000] BIOS-e820: [mem 0x00000000fee00000-0x00000000fee00fff] reserved
[    0.000000] BIOS-e820: [mem 0x00000000fffc0000-0x00000000ffffffff] reserved
[    0.000000] NX (Execute Disable) protection: active
[    0.000000] SMBIOS 2.5 present.
[    0.000000] Hypervisor detected: KVM
[    0.000000] e820: last_pfn = 0x7fff0 max_arch_pfn = 0x400000000
[    0.000000] MTRR: Disabled
[    0.000000] x86/PAT: MTRRs disabled, skipping PAT initialization too.
[    0.000000] CPU MTRRs all blank - virtualized system.
[    0.000000] x86/PAT: Configuration [0-7]: WB  WT  UC- UC  WB  WT  UC- UC  
[    0.000000] found SMP MP-table at [mem 0x0009fff0-0x0009ffff] mapped at [ffff88000009fff0]
[    0.000000] Scanning 1 areas for low memory corruption
[    0.000000] RAMDISK: [mem 0x34c24000-0x36609fff]
[    0.000000] ACPI: Early table checksum verification disabled
[    0.000000] ACPI: RSDP 0x00000000000E0000 000024 (v02 VBOX  )
[    0.000000] ACPI: XSDT 0x000000007FFF0030 00003C (v01 VBOX   VBOXXSDT 00000001 ASL  00000061)
[    0.000000] ACPI: FACP 0x000000007FFF00F0 0000F4 (v04 VBOX   VBOXFACP 00000001 ASL  00000061)
[    0.000000] ACPI: DSDT 0x000000007FFF0480 0021C8 (v02 VBOX   VBOXBIOS 00000002 INTL 20100528)
[    0.000000] ACPI: FACS 0x000000007FFF0200 000040
[    0.000000] ACPI: FACS 0x000000007FFF0200 000040
[    0.000000] ACPI: APIC 0x000000007FFF0240 00006C (v02 VBOX   VBOXAPIC 00000001 ASL  00000061)
[    0.000000] ACPI: SSDT 0x000000007FFF02B0 0001CC (v01 VBOX   VBOXCPUT 00000002 INTL 20100528)
[    0.000000] No NUMA configuration found
[    0.000000] Faking a node at [mem 0x0000000000000000-0x000000007ffeffff]
[    0.000000] NODE_DATA(0) allocated [mem 0x7ffeb000-0x7ffeffff]
[    0.000000] kvm-clock: Using msrs 4b564d01 and 4b564d00
[    0.000000] kvm-clock: cpu 0, msr 0:7ffe3001, primary cpu clock
[    0.000000] kvm-clock: using sched offset of 3860053907 cycles
[    0.000000] clocksource: kvm-clock: mask: 0xffffffffffffffff max_cycles: 0x1cd42e4dffb, max_idle_ns: 881590591483 ns
[    0.000000] Zone ranges:
[    0.000000]   DMA      [mem 0x0000000000001000-0x0000000000ffffff]
[    0.000000]   DMA32    [mem 0x0000000001000000-0x000000007ffeffff]
[    0.000000]   Normal   empty
[    0.000000]   Device   empty
[    0.000000] Movable zone start for each node
[    0.000000] Early memory node ranges
[    0.000000]   node   0: [mem 0x0000000000001000-0x000000000009efff]
[    0.000000]   node   0: [mem 0x0000000000100000-0x000000007ffeffff]
[    0.000000] Initmem setup node 0 [mem 0x0000000000001000-0x000000007ffeffff]
[    0.000000] ACPI: PM-Timer IO Port: 0x4008
[    0.000000] IOAPIC[0]: apic_id 4, version 32, address 0xfec00000, GSI 0-23
[    0.000000] ACPI: INT_SRC_OVR (bus 0 bus_irq 0 global_irq 2 dfl dfl)
[    0.000000] ACPI: INT_SRC_OVR (bus 0 bus_irq 9 global_irq 9 high level)
[    0.000000] Using ACPI (MADT) for SMP configuration information
[    0.000000] smpboot: Allowing 4 CPUs, 0 hotplug CPUs
[    0.000000] PM: Registered nosave memory: [mem 0x00000000-0x00000fff]
[    0.000000] PM: Registered nosave memory: [mem 0x0009f000-0x0009ffff]
[    0.000000] PM: Registered nosave memory: [mem 0x000a0000-0x000effff]
[    0.000000] PM: Registered nosave memory: [mem 0x000f0000-0x000fffff]
[    0.000000] e820: [mem 0x80000000-0xfebfffff] available for PCI devices
[    0.000000] Booting paravirtualized kernel on KVM
[    0.000000] clocksource: refined-jiffies: mask: 0xffffffff max_cycles: 0xffffffff, max_idle_ns: 7645519600211568 ns
[    0.000000] setup_percpu: NR_CPUS:512 nr_cpumask_bits:512 nr_cpu_ids:4 nr_node_ids:1
[    0.000000] PERCPU: Embedded 34 pages/cpu @ffff88007fc00000 s98328 r8192 d32744 u524288
[    0.000000] PV qspinlock hash table entries: 256 (order: 0, 4096 bytes)
[    0.000000] Built 1 zonelists in Node order, mobility grouping on.  Total pages: 515961
[    0.000000] Policy zone: DMA32
[    0.000000] Kernel command line: BOOT_IMAGE=/boot/vmlinuz-4.4.0-98-generic root=UUID=ee8827e1-8636-41fb-9829-982477f6eec9 ro console=tty1 console=ttyS0
[    0.000000] PID hash table entries: 4096 (order: 3, 32768 bytes)
[    0.000000] Memory: 2017964K/2096696K available (8484K kernel code, 1294K rwdata, 3988K rodata, 1492K init, 1316K bss, 78732K reserved, 0K cma-reserved)
[    0.000000] SLUB: HWalign=64, Order=0-3, MinObjects=0, CPUs=4, Nodes=1
[    0.000000] Hierarchical RCU implementation.
[    0.000000] 	Build-time adjustment of leaf fanout to 64.
[    0.000000] 	RCU restricting CPUs from NR_CPUS=512 to nr_cpu_ids=4.
[    0.000000] RCU: Adjusting geometry for rcu_fanout_leaf=64, nr_cpu_ids=4
[    0.000000] NR_IRQS:33024 nr_irqs:456 16
[    0.000000] Console: colour VGA+ 80x25
[    0.000000] console [tty1] enabled
[    0.000000] console [ttyS0] enabled
[    0.000000] tsc: Detected 2699.998 MHz processor
[    2.116727] Calibrating delay loop (skipped) preset value.. 5399.99 BogoMIPS (lpj=10799992)
[    2.205764] pid_max: default: 32768 minimum: 301
[    2.219497] ACPI: Core revision 20150930
[    2.225640] ACPI: 2 ACPI AML tables successfully acquired and loaded
[    2.230787] Security Framework initialized
[    2.268834] Yama: becoming mindful.
[    2.269807] AppArmor: AppArmor initialized
[    2.300096] Dentry cache hash table entries: 262144 (order: 9, 2097152 bytes)
[    2.319634] Inode-cache hash table entries: 131072 (order: 8, 1048576 bytes)
[    2.402643] Mount-cache hash table entries: 4096 (order: 3, 32768 bytes)
[    2.488017] Mountpoint-cache hash table entries: 4096 (order: 3, 32768 bytes)
[    2.558078] Initializing cgroup subsys io
[    2.606246] Initializing cgroup subsys memory
[    2.647644] Initializing cgroup subsys devices
[    2.648744] Initializing cgroup subsys freezer
[    2.687244] Initializing cgroup subsys net_cls
[    2.705062] Initializing cgroup subsys perf_event
[    2.710266] Initializing cgroup subsys net_prio
[    2.711325] Initializing cgroup subsys hugetlb
[    2.735556] Initializing cgroup subsys pids
[    2.785427] CPU: Physical Processor ID: 0
[    2.838081] CPU: Processor Core ID: 0
[    2.906888] mce: CPU supports 0 MCE banks
[    2.994098] Last level iTLB entries: 4KB 64, 2MB 8, 4MB 8
[    3.058436] Last level dTLB entries: 4KB 64, 2MB 0, 4MB 0, 1GB 4
[    3.121808] Freeing SMP alternatives memory: 32K
[    3.191538] ftrace: allocating 32154 entries in 126 pages
[    3.298126] smpboot: APIC(0) Converting physical 0 to logical package 0
[    3.371193] smpboot: Max logical packages: 1
[    3.407675] x2apic enabled
[    3.434475] Switched APIC routing to physical x2apic.
[    3.485754] ..TIMER: vector=0x30 apic1=0 pin1=2 apic2=-1 pin2=-1
[    3.625530] smpboot: CPU0: Intel(R) Core(TM) i5-5257U CPU @ 2.70GHz (family: 0x6, model: 0x3d, stepping: 0x4)
[    3.737571] Performance Events: unsupported p6 CPU model 61 no PMU driver, software events only.
[    3.781335] KVM setup paravirtual spinlock
[    3.817302] x86: Booting SMP configuration:
[    3.842654] .... node  #0, CPUs:      #1
[    3.843827] kvm-clock: cpu 1, msr 0:7ffe3041, secondary cpu clock
[    3.862919] mce: CPU supports 0 MCE banks
[    3.919370]  #2
[    3.938038] kvm-clock: cpu 2, msr 0:7ffe3081, secondary cpu clock
[    3.983453] mce: CPU supports 0 MCE banks
[    3.987154]  #3
[    3.988024] kvm-clock: cpu 3, msr 0:7ffe30c1, secondary cpu clock
[    4.014194] mce: CPU supports 0 MCE banks
[    4.018168] x86: Booted up 1 node, 4 CPUs
[    4.047219] smpboot: Total of 4 processors activated (21599.98 BogoMIPS)
[    4.084067] devtmpfs: initialized
[    4.120257] evm: security.selinux
[    4.153386] evm: security.SMACK64
[    4.157081] evm: security.SMACK64EXEC
[    4.164293] evm: security.SMACK64TRANSMUTE
[    4.169039] evm: security.SMACK64MMAP
[    4.173482] evm: security.ima
[    4.186150] evm: security.capability
[    4.193611] clocksource: jiffies: mask: 0xffffffff max_cycles: 0xffffffff, max_idle_ns: 7645041785100000 ns
[    4.203632] futex hash table entries: 1024 (order: 4, 65536 bytes)
[    4.231095] pinctrl core: initialized pinctrl subsystem
[    4.268880] RTC time: 19:58:42, date: 12/16/17
[    4.279869] NET: Registered protocol family 16
[    4.301820] cpuidle: using governor ladder
[    4.321975] cpuidle: using governor menu
[    4.332147] PCCT header not found.
[    4.336248] ACPI: bus type PCI registered
[    4.344563] acpiphp: ACPI Hot Plug PCI Controller Driver version: 0.5
[    4.354713] PCI: Using configuration type 1 for base access
[    4.372020] ACPI: Added _OSI(Module Device)
[    4.374809] ACPI: Added _OSI(Processor Device)
[    4.380751] ACPI: Added _OSI(3.0 _SCP Extensions)
[    4.419263] ACPI: Added _OSI(Processor Aggregator Device)
[    4.452162] ACPI: Executed 1 blocks of module-level executable AML code
[    4.486593] ACPI: Interpreter enabled
[    4.501910] ACPI: (supports S0 S5)
[    4.527645] ACPI: Using IOAPIC for interrupt routing
[    4.564863] PCI: Using host bridge windows from ACPI; if necessary, use "pci=nocrs" and report a bug
[    4.600773] ACPI: PCI Root Bridge [PCI0] (domain 0000 [bus 00-ff])
[    4.655204] acpi PNP0A03:00: _OSC: OS supports [ASPM ClockPM Segments MSI]
[    4.669927] acpi PNP0A03:00: _OSC failed (AE_NOT_FOUND); disabling ASPM
[    4.677068] acpi PNP0A03:00: fail to add MMCONFIG information, can't access extended PCI configuration space under this bridge.
[    4.694572] PCI host bridge to bus 0000:00
[    4.708493] pci_bus 0000:00: root bus resource [io  0x0000-0x0cf7 window]
[    4.712466] pci_bus 0000:00: root bus resource [io  0x0d00-0xffff window]
[    4.726027] pci_bus 0000:00: root bus resource [mem 0x000a0000-0x000bffff window]
[    4.755727] pci_bus 0000:00: root bus resource [mem 0x80000000-0xffdfffff window]
[    4.770042] pci_bus 0000:00: root bus resource [bus 00-ff]
[    4.794926] pci 0000:00:01.1: legacy IDE quirk: reg 0x10: [io  0x01f0-0x01f7]
[    4.836746] pci 0000:00:01.1: legacy IDE quirk: reg 0x14: [io  0x03f6]
[    4.893656] pci 0000:00:01.1: legacy IDE quirk: reg 0x18: [io  0x0170-0x0177]
[    4.924311] pci 0000:00:01.1: legacy IDE quirk: reg 0x1c: [io  0x0376]
[    5.017298] pci 0000:00:07.0: quirk: [io  0x4000-0x403f] claimed by PIIX4 ACPI
[    5.046235] pci 0000:00:07.0: quirk: [io  0x4100-0x410f] claimed by PIIX4 SMB
[    5.107615] ACPI: PCI Interrupt Link [LNKA] (IRQs 5 9 10 *11)
[    5.154319] ACPI: PCI Interrupt Link [LNKB] (IRQs 5 9 10 *11)
[    5.192922] ACPI: PCI Interrupt Link [LNKC] (IRQs 5 9 *10 11)
[    5.215959] ACPI: PCI Interrupt Link [LNKD] (IRQs 5 *9 10 11)
[    5.246930] ACPI: Enabled 2 GPEs in block 00 to 07
[    5.306113] vgaarb: setting as boot device: PCI:0000:00:02.0
[    5.366179] vgaarb: device added: PCI:0000:00:02.0,decodes=io+mem,owns=io+mem,locks=none
[    5.447541] vgaarb: loaded
[    5.472314] vgaarb: bridge control possible 0000:00:02.0
[    5.505723] SCSI subsystem initialized
[    5.549351] ACPI: bus type USB registered
[    5.602892] usbcore: registered new interface driver usbfs
[    5.644514] usbcore: registered new interface driver hub
[    5.697769] usbcore: registered new device driver usb
[    5.748854] PCI: Using ACPI for IRQ routing
[    5.782277] NetLabel: Initializing
[    5.811196] NetLabel:  domain hash size = 128
[    5.846312] NetLabel:  protocols = UNLABELED CIPSOv4
[    5.872488] NetLabel:  unlabeled traffic allowed by default
[    5.915454] amd_nb: Cannot enumerate AMD northbridges
[    5.967759] clocksource: Switched to clocksource kvm-clock
[    6.046747] AppArmor: AppArmor Filesystem Enabled
[    6.118156] pnp: PnP ACPI init
[    6.152119] pnp: PnP ACPI: found 3 devices
[    6.209041] clocksource: acpi_pm: mask: 0xffffff max_cycles: 0xffffff, max_idle_ns: 2085701024 ns
[    6.249607] NET: Registered protocol family 2
[    6.275327] TCP established hash table entries: 16384 (order: 5, 131072 bytes)
[    6.355640] TCP bind hash table entries: 16384 (order: 6, 262144 bytes)
[    6.420208] TCP: Hash tables configured (established 16384 bind 16384)
[    6.543823] UDP hash table entries: 1024 (order: 3, 32768 bytes)
[    6.638970] UDP-Lite hash table entries: 1024 (order: 3, 32768 bytes)
[    6.721396] NET: Registered protocol family 1
[    6.739285] pci 0000:00:00.0: Limiting direct PCI/PCI transfers
[    6.740711] pci 0000:00:01.0: Activating ISA DMA hang workarounds
[    6.793221] Unpacking initramfs...
[    7.281900] Freeing initrd memory: 26520K
[    7.298736] RAPL PMU detected, API unit is 2^-32 Joules, 4 fixed counters 10737418240 ms ovfl timer
[    7.302056] hw unit of domain pp0-core 2^-0 Joules
[    7.303162] hw unit of domain package 2^-0 Joules
[    7.309407] hw unit of domain dram 2^-0 Joules
[    7.349204] hw unit of domain pp1-gpu 2^-0 Joules
[    7.393826] platform rtc_cmos: registered platform RTC device (no PNP device found)
[    7.427521] Scanning for low memory corruption every 60 seconds
[    7.464546] audit: initializing netlink subsys (disabled)
[    7.499379] audit: type=2000 audit(1513454325.466:1): initialized
[    7.501160] Initialise system trusted keyring
[    7.504796] HugeTLB registered 2 MB page size, pre-allocated 0 pages
[    7.547914] zbud: loaded
[    7.551330] VFS: Disk quotas dquot_6.6.0
[    7.555294] VFS: Dquot-cache hash table entries: 512 (order 0, 4096 bytes)
[    7.566011] squashfs: version 4.0 (2009/01/31) Phillip Lougher
[    7.574601] fuse init (API version 7.23)
[    7.580703] Key type big_key registered
[    7.589320] Allocating IMA MOK and blacklist keyrings.
[    7.602479] Key type asymmetric registered
[    7.638144] Asymmetric key parser 'x509' registered
[    7.641282] Block layer SCSI generic (bsg) driver version 0.4 loaded (major 249)
[    7.669713] io scheduler noop registered
[    7.674279] io scheduler deadline registered (default)
[    7.675575] io scheduler cfq registered
[    7.682325] pci_hotplug: PCI Hot Plug PCI Core version: 0.5
[    7.694985] pciehp: PCI Express Hot Plug Controller Driver version: 0.4
[    7.720265] ACPI: AC Adapter [AC] (on-line)
[    7.745993] input: Power Button as /devices/LNXSYSTM:00/LNXPWRBN:00/input/input0
[    7.757880] ACPI: Power Button [PWRF]
[    7.773974] input: Sleep Button as /devices/LNXSYSTM:00/LNXSLPBN:00/input/input1
[    7.827310] ACPI: Sleep Button [SLPF]
[    7.835943] GHES: HEST is not enabled!
[    7.836151] ACPI: Battery Slot [BAT0] (battery present)
[    7.893636] Serial: 8250/16550 driver, 32 ports, IRQ sharing enabled
[    8.002437] 00:02: ttyS0 at I/O 0x3f8 (irq = 4, base_baud = 115200) is a 16550A
[    8.102610] Linux agpgart interface v0.103
[    8.159339] loop: module loaded
[    8.180792] scsi host0: ata_piix
[    8.185275] scsi host1: ata_piix
[    8.186130] ata1: PATA max UDMA/33 cmd 0x1f0 ctl 0x3f6 bmdma 0xd000 irq 14
[    8.187582] ata2: PATA max UDMA/33 cmd 0x170 ctl 0x376 bmdma 0xd008 irq 15
[    8.197484] libphy: Fixed MDIO Bus: probed
[    8.229051] tun: Universal TUN/TAP device driver, 1.6
[    8.231583] tun: (C) 1999-2004 Max Krasnyansky <maxk@qualcomm.com>
[    8.233036] PPP generic driver version 2.4.2
[    8.234164] ehci_hcd: USB 2.0 'Enhanced' Host Controller (EHCI) Driver
[    8.269666] ehci-pci: EHCI PCI platform driver
[    8.270878] ehci-platform: EHCI generic platform driver
[    8.272278] ohci_hcd: USB 1.1 'Open' Host Controller (OHCI) Driver
[    8.289697] ohci-pci: OHCI PCI platform driver
[    8.297039] ohci-platform: OHCI generic platform driver
[    8.298240] uhci_hcd: USB Universal Host Controller Interface driver
[    8.308589] i8042: PNP: PS/2 Controller [PNP0303:PS2K,PNP0f03:PS2M] at 0x60,0x64 irq 1,12
[    8.323694] serio: i8042 KBD port at 0x60,0x64 irq 1
[    8.340097] serio: i8042 AUX port at 0x60,0x64 irq 12
[    8.344730] mousedev: PS/2 mouse device common for all mice
[    8.359358] input: AT Translated Set 2 keyboard as /devices/platform/i8042/serio0/input/input2
[    8.406806] rtc_cmos rtc_cmos: rtc core: registered rtc_cmos as rtc0
[    8.424048] tsc: Refined TSC clocksource calibration: 2701.081 MHz
[    8.424051] clocksource: tsc: mask: 0xffffffffffffffff max_cycles: 0x26ef3ba6cb8, max_idle_ns: 440795298386 ns
[    8.543405] rtc_cmos rtc_cmos: alarms up to one day, 114 bytes nvram
[    8.550543] i2c /dev entries driver
[    8.557628] device-mapper: uevent: version 1.0.3
[    8.575796] device-mapper: ioctl: 4.34.0-ioctl (2015-10-28) initialised: dm-devel@redhat.com
[    8.620327] ledtrig-cpu: registered to indicate activity on CPUs
[    8.703098] NET: Registered protocol family 10
[    8.727764] NET: Registered protocol family 17
[    8.748591] Key type dns_resolver registered
[    8.760697] microcode: CPU0 sig=0x306d4, pf=0x40, revision=0x0
[    8.777445] microcode: CPU1 sig=0x306d4, pf=0x40, revision=0x0
[    8.810876] microcode: CPU2 sig=0x306d4, pf=0x40, revision=0x0
[    8.818229] microcode: CPU3 sig=0x306d4, pf=0x40, revision=0x0
[    8.837777] microcode: Microcode Update Driver: v2.01 <tigran@aivazian.fsnet.co.uk>, Peter Oruba
[    8.839910] registered taskstats version 1
[    8.840980] Loading compiled-in X.509 certificates
[    8.854144] Loaded X.509 cert 'Build time autogenerated kernel key: 7431eaeda5a51458aeb00f8de0f18f89e178d882'
[    8.875003] zswap: loaded using pool lzo/zbud
[    8.907166] Key type trusted registered
[    8.978186] Key type encrypted registered
[    9.021779] AppArmor: AppArmor sha1 policy hashing enabled
[    9.043878] ima: No TPM chip found, activating TPM-bypass!
[    9.086913] evm: HMAC attrs: 0x1
[    9.091489]   Magic number: 13:697:1001
[    9.132381] rtc_cmos rtc_cmos: setting system clock to 2017-12-16 19:58:47 UTC (1513454327)
[    9.172415] BIOS EDD facility v0.16 2004-Jun-25, 0 devices found
[    9.222124] EDD information not available.
[    9.252344] Freeing unused kernel memory: 1492K
[    9.326061] Write protecting the kernel read-only data: 14336k
[    9.402719] Freeing unused kernel memory: 1744K
[    9.448910] Freeing unused kernel memory: 108K
Loading, please [    9.532172] random: systemd-udevd: uninitialized urandom read (16 bytes read, 7 bits of entropy available)
wait...
startin[    9.533089] random: udevadm: uninitialized urandom read (16 bytes read, 7 bits of entropy available)
g version 229
[    9.533111] random: udevadm: uninitialized urandom read (16 bytes read, 7 bits of entropy available)
[    9.539691] random: udevadm: uninitialized urandom read (16 bytes read, 7 bits of entropy available)
[    9.539722] random: udevadm: uninitialized urandom read (16 bytes read, 7 bits of entropy available)
[    9.539952] random: udevadm: uninitialized urandom read (16 bytes read, 7 bits of entropy available)
[    9.539986] random: udevadm: uninitialized urandom read (16 bytes read, 7 bits of entropy available)
[    9.540020] random: udevadm: uninitialized urandom read (16 bytes read, 7 bits of entropy available)
[    9.540055] random: udevadm: uninitialized urandom read (16 bytes read, 7 bits of entropy available)
[    9.540086] random: udevadm: uninitialized urandom read (16 bytes read, 7 bits of entropy available)
[   10.183116] ACPI: Video Device [GFX0] (multi-head: yes  rom: no  post: no)
[   10.369049] input: Video Bus as /devices/LNXSYSTM:00/LNXSYBUS:00/PNP0A03:00/LNXVIDEO:00/input/input4
[   10.369070] FUJITSU Extended Socket Network Device Driver - version 1.0 - Copyright (c) 2015 FUJITSU LIMITED
[   10.458399] e1000: Intel(R) PRO/1000 Network Driver - version 7.3.21-k8-NAPI
[   10.477323] e1000: Copyright (c) 1999-2006 Intel Corporation.
[   10.480545] Fusion MPT base driver 3.04.20
[   10.482648] Copyright (c) 1999-2008 LSI Corporation
[   10.507316] AVX version of gcm_enc/dec engaged.
[   10.515549] AES CTR mode by8 optimization enabled
[   10.521883] Fusion MPT SPI Host driver 3.04.20
[   10.721394] input: ImExPS/2 Generic Explorer Mouse as /devices/platform/i8042/serio1/input/input5
[   10.875333] e1000 0000:00:03.0 eth0: (PCI:33MHz:32-bit) 02:53:17:3c:de:80
[   10.890462] e1000 0000:00:03.0 eth0: Intel(R) PRO/1000 Network Connection
[   10.896759] mptbase: ioc0: Initiating bringup
[   10.898355] e1000 0000:00:03.0 enp0s3: renamed from eth0
[   10.988938] ioc0: LSI53C1030 A0: Capabilities={Initiator}
[   11.194828] scsi host2: ioc0: LSI53C1030 A0, FwRev=00000000h, Ports=1, MaxQ=256, IRQ=20
[   11.389466] scsi 2:0:0:0: Direct-Access     VBOX     HARDDISK         1.0  PQ: 0 ANSI: 5
[   11.397359] scsi target2:0:0: Beginning Domain Validation
[   11.400118] scsi target2:0:0: Domain Validation skipping write tests
[   11.496235] scsi target2:0:0: Ending Domain Validation
[   11.530245] scsi target2:0:0: asynchronous
[   11.629131] scsi 2:0:1:0: Direct-Access     VBOX     HARDDISK         1.0  PQ: 0 ANSI: 5
[   11.778976] scsi target2:0:1: Beginning Domain Validation
[   11.801409] scsi target2:0:1: Domain Validation skipping write tests
[   11.814275] scsi target2:0:1: Ending Domain Validation
[   11.842443] scsi target2:0:1: asynchronous
[   11.885277] sd 2:0:0:0: [sda] 20971520 512-byte logical blocks: (10.7 GB/10.0 GiB)
[   11.916491] sd 2:0:0:0: Attached scsi generic sg0 type 0
[   11.968097] sd 2:0:0:0: [sda] Write Protect is off
[   11.972476] sd 2:0:0:0: [sda] Incomplete mode parameter data
[   11.973269] sd 2:0:1:0: [sdb] 20480 512-byte logical blocks: (10.5 MB/10.0 MiB)
[   11.973920] sd 2:0:1:0: [sdb] Write Protect is off
[   11.974083] sd 2:0:1:0: [sdb] Incomplete mode parameter data
[   11.974085] sd 2:0:1:0: [sdb] Assuming drive cache: write through
[   11.981193] sd 2:0:1:0: Attached scsi generic sg1 type 0
[   11.982516] sd 2:0:1:0: [sdb] Attached SCSI disk
[   12.383165] sd 2:0:0:0: [sda] Assuming drive cache: write through
[   12.419981]  sda: sda1
[   12.461089] sd 2:0:0:0: [sda] Attached SCSI disk
[   13.528161] floppy0: no floppy controllers found
Begin: Loading e[   14.916138] md: linear personality registered for level -1
ssential drivers[   14.939345] md: multipath personality registered for level -4
 ... [   14.950209] md: raid0 personality registered for level 0
[   15.016373] md: raid1 personality registered for level 1
[   15.100344] raid6: sse2x1   gen()  9088 MB/s
[   15.192019] raid6: sse2x1   xor()  6948 MB/s
[   15.267974] raid6: sse2x2   gen() 10959 MB/s
[   15.367950] raid6: sse2x2   xor()  3223 MB/s
[   15.439929] raid6: sse2x4   gen() 10008 MB/s
[   15.519846] raid6: sse2x4   xor()  8175 MB/s
[   15.543632] raid6: using algorithm sse2x2 gen() 10959 MB/s
[   15.644591] raid6: .... xor() 3223 MB/s, rmw enabled
[   15.678196] raid6: using ssse3x2 recovery algorithm
[   15.681136] xor: automatically using best checksumming function:
[   15.772242]    avx       : 24208.000 MB/sec
[   15.781624] async_tx: api initialized (async)
[   15.831125] md: raid6 personality registered for level 6
[   15.864939] md: raid5 personality registered for level 5
[   15.866149] md: raid4 personality registered for level 4
[   15.876230] md: raid10 personality registered for level 10
done.
Begin: Running /scripts/init-premount ... done.
Begin: Mounting root fil[   15.973265] Btrfs loaded
e system ... Begin: Running /scripts/local-top ... done.
Begin:[   16.006365] EXT4-fs (sda1): mounted filesystem with ordered data mode. Opts: (null)
 Running /scripts/local-premount ... Scanning for Btrfs filesystems
done.
Warning: fsck not present, so skipping root file system
done.
Begin: Running /scripts/local-bottom ... done.
Begin: Running /scripts/init-bottom ... done.
[   16.189978] systemd[1]: systemd 229 running in system mode. (+PAM +AUDIT +SELINUX +IMA +APPARMOR +SMACK +SYSVINIT +UTMP +LIBCRYPTSETUP +GCRYPT +GNUTLS +ACL +XZ -LZ4 +SECCOMP +BLKID +ELFUTILS +KMOD -IDN)
[   16.387304] systemd[1]: Detected virtualization oracle.
[   16.412292] systemd[1]: Detected architecture x86-64.

Welcome to [1mUbuntu 16.04.3 LTS[0m!

[   16.500684] systemd[1]: Set hostname to <ubuntu-xenial>.
[   16.670543] systemd[1]: Started Forward Password Requests to Wall Directory Watch.
[[0;32m  OK  [0m] Started Forward Password Requests to Wall Directory Watch.
[   16.812705] systemd[1]: Listening on Journal Audit Socket.
[[0;32m  OK  [0m] Listening on Journal Audit Socket.
[   16.845488] systemd[1]: Reached target Swap.
[[0;32m  OK  [0m] Reached target Swap.
[   16.876146] systemd[1]: Listening on Device-mapper event daemon FIFOs.
[[0;32m  OK  [0m] Listening on Device-mapper event daemon FIFOs.
[   16.912307] systemd[1]: Listening on Syslog Socket.
[[0;32m  OK  [0m] Listening on Syslog Socket.
[   16.956173] systemd[1]: Listening on Journal Socket (/dev/log).
[[0;32m  OK  [0m] Listening on Journal Socket (/dev/log).
[   16.990661] systemd[1]: Reached target Encrypted Volumes.
[[0;32m  OK  [0m] Reached target Encrypted Volumes.
[   16.993527] systemd[1]: Created slice System Slice.
[[0;32m  OK  [0m] Created slice System Slice.
[   17.056270] systemd[1]: Listening on Journal Socket.
[[0;32m  OK  [0m] Listening on Journal Socket.
[   17.195714] systemd[1]: Mounting POSIX Message Queue File System...
         Mounting POSIX M[   17.283982] random: nonblocking pool is initialized
essage Queue File System...
[   17.384056] systemd[1]: Mounting Huge Pages File System...
         Mounting Huge Pages File System...
[   17.464897] systemd[1]: Starting Uncomplicated firewall...
         Starting Uncomplicated firewall...
[   17.549256] systemd[1]: Starting Nameserver information manager...
         Starting Nameserver information manager...
[   17.685572] systemd[1]: Starting Create list of required static device nodes for the current kernel...
         Starting Create list of required st... nodes for the current kernel...
[   17.876123] systemd[1]: Starting Load Kernel Modules...
         Starting Load Ke[   17.899080] Loading iSCSI transport class v2.0-870.
rnel Modules...
[   17.977674] systemd[1]: Listening on LVM2 poll daemon socket.
[[0;32m  OK  [0[   17.986563] iscsi: registered transport (tcp)
m] Listening on LVM2 poll daemon socket.
[   18.048767] systemd[1]: Created slice system-serial\x2dgetty.slice.
[[0;32m  OK  [0m] Created slice system-serial\x2dgetty.slice.
[   18.065742] iscsi: registered transport (iser)
[   18.112648] systemd[1]: Starting Journal Service...
         Starting Journal Service...
[   18.143947] systemd[1]: Starting Remount Root and Kernel File Systems...
         [   18.248865] EXT4-fs (sda1): re-mounted. Opts: (null)
Starting Remount Root and Kernel File Systems...
[   18.364302] systemd[1]: Starting Set console keymap...
         Starting Set console keymap...
[   18.493012] systemd[1]: Listening on LVM2 metadata daemon socket.
[[0;32m  OK  [0m] Listening on LVM2 metadata daemon socket.
[   18.592103] systemd[1]: Starting Monitoring of LVM2 mirrors, snapshots etc. using dmeventd or progress polling...
         Starting Monitoring of LVM2 mirrors... dmeventd or progress polling...
[   18.655074] systemd[1]: Started Trigger resolvconf update for networkd DNS.
[[0;32m  OK  [0m] Started Trigger resolvconf update for networkd DNS.
[   18.680422] systemd[1]: Set up automount Arbitrary Executable File Formats File System Automount Point.
[[0;32m  OK  [0m] Set up automount Arbitrary Executab...ats File System Automount Point.
[   18.714043] systemd[1]: Listening on /dev/initctl Compatibility Named Pipe.
[[0;32m  OK  [0m] Listening on /dev/initctl Compatibility Named Pipe.
[   18.737692] systemd[1]: Listening on udev Kernel Socket.
[[0;32m  OK  [0m] Listening on udev Kernel Socket.
[   18.754830] systemd[1]: Reached target User and Group Name Lookups.
[[0;32m  OK  [0m] Reached target User and Group Name Lookups.
[   18.785649] systemd[1]: Created slice User and Session Slice.
[[0;32m  OK  [0m] Created slice User and Session Slice.
[   18.820263] systemd[1]: Reached target Slices.
[[0;32m  OK  [0m] Reached target Slices.
[   18.871176] systemd[1]: Mounting Debug File System...
         Mounting Debug File System...
[   18.908271] systemd[1]: Listening on udev Control Socket.
[[0;32m  OK  [0m] Listening on udev Control Socket.
[   18.949309] systemd[1]: Mounted Huge Pages File System.
[[0;32m  OK  [0m] Mounted Huge Pages File System.
[   19.024334] systemd[1]: Mounted Debug File System.
[[0;32m  OK  [0m] Mounted Debug File System.
[   19.100408] systemd[1]: Mounted POSIX Message Queue File System.
[[0;32m  OK  [0m] Mounted POSIX Message Queue File System.
[   19.176614] systemd[1]: Started Journal Service.
[[0;32m  OK  [0m] Started Journal Service.
[[0;32m  OK  [0m] Started Uncomplicated firewall.
[[0;32m  OK  [0m] Started Create list of required sta...ce nodes for the current kernel.
[[0;32m  OK  [0m] Started Load Kernel Modules.
[[0;32m  OK  [0m] Started Remount Root and Kernel File Systems.
[[0;32m  OK  [0m] Started Set console keymap.
[[0;32m  OK  [0m] Started Nameserver information manager.
[[0;32m  OK  [0m] Started LVM2 metadata daemon.
         Starting udev Coldplug all Devices...
         Starting Initial cloud-init job (pre-networking)...
         Starting Load/Save Random Seed...
         Starting Apply Kernel Variables...
         Mounting FUSE Control File System...
         Starting Create Static Device Nodes in /dev...
         Starting Flush Journal to Persistent Storage...
[[0;32m  OK  [0m] Mounted FUSE Control File System.
[[0;32m  OK  [0m] Started Load/Save Random Seed.
[[0;32m  OK  [0m] Started Apply Kernel Variables.
[[0;32m  OK  [0m] Started Create Static Device Nodes in /dev.
[[0;32m  OK  [0m] Started Monitoring of LVM2 mirrors,...ng dmeventd or progress polling.
[[0;32m  OK  [0m] Started udev Coldplug all Devices.
[[0;32m  OK  [0m] Started Flush Journal to Persistent Storage.
         Starting udev Kernel Device Manager...
[[0;32m  OK  [0m] Started udev Kernel Device Manager.
[[0;32m  OK  [0m] Reached target Local File Systems (Pre).
[[0;32m  OK  [0m] Reached target Local File Systems.
         Starting Tell Plymouth To Write Out Runtime Data...
         Starting Set console font and keymap...
         Starting LSB: AppArmor initialization...
         Starting Create Volatile Files and Directories...
[[0;32m  OK  [0m] Started Dispatch Password Requests to Console Directory Watch.
[[0;32m  OK  [0m] Started Tell Plymouth To Write Out Runtime Data.
[[0;32m  OK  [0m] Started Create Volatile Files and Directories.
[   20.379756] intel_rapl: no valid rapl domains found in package 0
[[0;32m  OK  [0m] Found device /dev/ttyS0.
         Starting Update UTMP about System Boot/Shutdown...
[[0;32m  OK  [0m] Reached target System Time Synchronized.
[[0;32m  OK  [0m] Started Update UTMP about System Boot/Shutdown.
[[0;32m  OK  [0m] Started LSB: AppArmor initialization.
[[0;32m  OK  [0m] Listening on Load/Save RF Kill Switch Status /dev/rfkill Watch.
[[0;32m  OK  [0m] Found device 82540EM Gigabit Ethern...r (PRO/1000 MT Desktop Adapter).
[[0;32m  OK  [0m] Started Set console font and keymap.
[[0;32m  OK  [0m] Created slice system-getty.slice.
[   15.865575] cloud-init[471]: Cloud-init v. 0.7.9 running 'init-local' at Sat, 16 Dec 2017 19:58:58 +0000. Up 15.38 seconds.
[[0;32m  OK  [0m] Started Initial cloud-init job (pre-networking).
[[0;32m  OK  [0m] Reached target Network (Pre).
[[0;32m  OK  [0m] Started ifup for enp0s3.
         Starting Raise network interfaces...
[[0;32m  OK  [0m] Reached target Sound Card.
[[0;1;31mFAILED[0m] Failed to start Raise network interfaces.
See 'systemctl status networking.service' for details.
         Starting Initial cloud-init job (metadata service crawler)...
[[0;32m  OK  [0m] Reached target Network.
[   19.099495] cloud-init[1153]: Cloud-init v. 0.7.9 running 'init' at Sat, 16 Dec 2017 19:59:02 +0000. Up 18.79 seconds.
[   19.186093] [cloud-init[0;32m  OK  [0m[1153]: ] ci-info: +++++++++++++++++++++++++++++++++++++Net device info++++++++++++++++++++++++++++++++++++++Started Initial cloud-init job (metadata service crawler).

[   19.186459] cloud-init[1153]: ci-info: +--------+------+----------------------------+---------------+-------+-------------------+
[   19.424495] [cloud-init[0;32m  OK  [0m[1153]: ] ci-info: | Device |  Up  |          Address           |      Mask     | Scope |     Hw-Address    |Reached target Network is Online.

[   19.424872] cloud-init[1153]: ci-info: +--------+------+----------------------------+---------------+-------+-------------------+
[   19.572945] cloud-init[1153]: ci-info: |   lo   | True |         127.0.0.1          |   255.0.0.0   |   .   |         .         |
         Starting iSCSI initiator daemon (iscsid)...
[[   19.573339] [0;32m  OK  [0mcloud-init] [1153]: Reached target System Initialization.ci-info: |   lo   | True |          ::1/128           |       .       |  host |         .         |

[   19.734846]          cloud-initStarting Socket activation for snappy daemon.[1153]: 
ci-info: | enp0s3 | True |         10.0.2.15          | 255.255.255.0 |   .   | 02:53:17:3c:de:80 |
[   19.832498] [cloud-init[0;32m  OK  [0m[1153]: ] ci-info: | enp0s3 | True | fe80::53:17ff:fe3c:de80/64 |       .       |  link | 02:53:17:3c:de:80 |Started Daily apt download activities.

[[   19.832836] [0;32m  OK  [0mcloud-init] [1153]: Started Daily apt upgrade and clean activities.ci-info: +--------+------+----------------------------+---------------+-------+-------------------+

[   20.060407] [cloud-init[0;32m  OK  [0m[1153]: ] ci-info: +++++++++++++++++++++++++++Route IPv4 info++++++++++++++++++++++++++++Listening on D-Bus System Message Bus Socket.

[[   20.060772] [0;32m  OK  [0mcloud-init] [1153]: Started Daily Cleanup of Temporary Directories.ci-info: +-------+-------------+----------+---------------+-----------+-------+

[   20.232430]          cloud-initStarting LXD - unix socket.[1153]: 
ci-info: | Route | Destination | Gateway  |    Genmask    | Interface | Flags |
[   20.300276] [cloud-init[0;32m  OK  [0m[1153]: ] ci-info: +-------+-------------+----------+---------------+-----------+-------+Listening on UUID daemon activation socket.

[[   20.300624] [0;32m  OK  [0mcloud-init] [1153]: Started Timer to automatically refresh installed snaps.ci-info: |   0   |   0.0.0.0   | 10.0.2.2 |    0.0.0.0    |   enp0s3  |   UG  |

[   20.480610] [cloud-init[0;32m  OK  [0m[1153]: ] ci-info: |   1   |   10.0.2.0  | 0.0.0.0  | 255.255.255.0 |   enp0s3  |   U   |Reached target Timers.

[   20.560829]          cloud-initStarting Docker Socket for the API.[1153]: 
ci-info: +-------+-------------+----------+---------------+-----------+-------+
[[0;32m  OK  [0m] Started ACPI Events Check.
[[0;32m  OK  [0m] Reached target Paths.
[[0;32m  OK  [0m] Listening on ACPID Listen Socket.
[[0;32m  OK  [0m] Reached target Cloud-config availability.
[[0;32m  OK  [0m] Listening on Socket activation for snappy daemon.
[[0;32m  OK  [0m] Listening on LXD - unix socket.
[[0;32m  OK  [0m] Listening on Docker Socket for the API.
[[0;32m  OK  [0m] Started iSCSI initiator daemon (iscsid).
         Starting Login to default iSCSI targets...
[[0;32m  OK  [0m] Reached target Sockets.
[[0;32m  OK  [0m] Reached target Basic System.
         Starting System Logging Service...
[[0;32m  OK  [0m] Started Regular background program processing daemon.
[[0;32m  OK  [0m] Started D-Bus System Message Bus.
[[0;32m  OK  [0m] Started FUSE filesystem for LXC.
         Starting Docker Application Container Engine...
         Starting /etc/rc.local Compatibility...
[[0;32m  OK  [0m] Started Unattended Upgrades Shutdown.
         Starting vboxadd-x11.service...
         Starting LSB: Record successful boot for GRUB...
         Starting Apply the settings specified in cloud-config...
         Starting Accounts Service...
[[0;32m  OK  [0m] Started Deferred execution scheduler.
         Starting vboxadd.service...
         Starting OpenBSD Secure Shell server...
         Starting Login Service...
         Starting LXD - container startup/shutdown...
[[0;32m  OK  [0m] Started ACPI event daemon.
         Starting LSB: MD monitoring daemon...
         Starting Ubuntu FAN network setup...
         Starting Snappy daemon...
[[0;32m  OK  [0m] Started System Logging Service.
[[0;32m  OK  [0m] Started OpenBSD Secure Shell server.
[[0;32m  OK  [0m] Started Snappy daemon.
[[0;32m  OK  [0m] Started /etc/rc.local Compatibility.
[   22.320154] cloud-init[1247]: Cloud-init v. 0.7.9 running 'modules:config' at Sat, 16 Dec 2017 19:59:05 +0000. Up 22.05 seconds.
[[0;32m  OK  [0m] Started vboxadd-x11.service.
[[0;32m  OK  [0m] Started Apply the settings specified in cloud-config.
[[0;32m  OK  [0m] Started vboxadd.service.
[[0;32m  OK  [0m] Started LXD - container startup/shutdown.
[[0;32m  OK  [0m] Started Ubuntu FAN network setup.
[[0;32m  OK  [0m] Started Login to default iSCSI targets.
[[0;32m  OK  [0m] Started LSB: Record successful boot for GRUB.
[[0;32m  OK  [0m] Started LSB: MD monitoring daemon.
         Starting Authenticate and Authorize Users to Run Privileged Tasks...
[[0;32m  OK  [0m] Reached target Remote File Systems (Pre).
[[0;32m  OK  [0m] Reached target Remote File Systems.
         Starting LSB: daemon to balance interrupts for SMP systems...
         Starting LSB: automatic crash report generation...
         Starting LSB: Set up cgroupfs mounts....
         Starting LSB: Set the CPU Frequency Scaling governor to "ondemand"...
         Starting Permit User Sessions...
         Starting vboxadd-service.service...
[[0;32m  OK  [0m] Started LSB: Set up cgroupfs mounts..
[[0;32m  OK  [0m] Started Permit User Sessions.
[[0;32m  OK  [0m] Started vboxadd-service.service.
[[0;32m  OK  [0m] Started Login Service.
[[0;32m  OK  [0m] Started Docker Application Container Engine.
[[0;32m  OK  [0m] Started Authenticate and Authorize Users to Run Privileged Tasks.
[[0;32m  OK  [0m] Started Accounts Service.
[[0;32m  OK  [0m] Started LSB: daemon to balance interrupts for SMP systems.
[[0;32m  OK  [0m] Started LSB: automatic crash report generation.
[[0;32m  OK  [0m] Started LSB: Set the CPU Frequency Scaling governor to "ondemand".
[[0;32m  OK  [0m] Created slice User Slice of ubuntu.
[[0;32m  OK  [0m] Started Session 1 of user ubuntu.
         Starting User Manager for UID 1000...
         Starting Terminate Plymouth Boot Screen...
         Starting Hold until boot process finishes up...
[[0;32m  OK  [0m] Started User Manager for UID 1000.
[[0;32m  OK  [0m] Started Terminate Plymouth Boot Screen.
[[0;32m  OK  [0m] Started Hold until boot process finishes up.
[[0;32m  OK  [0m] Started Getty on tty1.
         Starting Set console scheme...
[[0;32m  OK  [0m] Started Serial Getty on ttyS0.
[[0;32m  OK  [0m] Reached target Login Prompts.
[[0;32m  OK  [0m] Reached target Multi-User System.
[[0;32m  OK  [0m] Reached target Graphical Interface.
         Starting Execute cloud user/final scripts...
         Starting Update UTMP about System Runlevel Changes...
[[0;32m  OK  [0m] Started Set console scheme.
[[0;32m  OK  [0m] Started Update UTMP about System Runlevel Changes.
[   24.547576] cloud-init[1639]: Cloud-init v. 0.7.9 running 'modules:final' at Sat, 16 Dec 2017 19:59:08 +0000. Up 24.42 seconds.
[   24.604642] cloud-init[1639]: Cloud-init v. 0.7.9 finished at Sat, 16 Dec 2017 19:59:08 +0000. Datasource DataSourceNoCloud [seed=/dev/sdb][dsmode=net].  Up 24.54 seconds
[[0;32m  OK  [0m] Started Execute cloud user/final scripts.
[[0;32m  OK  [0m] Reached target Cloud-init target.

Ubuntu 16.04.3 LTS ubuntu-xenial ttyS0

ubuntu-xenial login: 